Arguments: 
  C:\Program Files\nodejs\node.exe C:\Program Files (x86)\Yarn\bin\yarn.js

PATH: 
  C:\Program Files (x86)\Common Files\Oracle\Java\javapath;C:\Program Files (x86)\Razer Chroma SDK\bin;C:\Program Files\Razer Chroma SDK\bin;C:\WINDOWS\system32;C:\WINDOWS;C:\WINDOWS\System32\Wbem;C:\WINDOWS\System32\WindowsPowerShell\v1.0\;C:\Program Files (x86)\Yarn\bin\;C:\Program Files\nodejs\;C:\Program Files\Git\cmd;C:\Users\jerem\AppData\Local\Microsoft\WindowsApps;C:\Program Files\Microsoft VS Code\bin;C:\Users\jerem\AppData\Local\Yarn\bin;C:\Users\jerem\AppData\Roaming\npm;C:\Program Files (x86)\Windows Kits\8.1\Windows Performance Toolkit\;C:\Program Files\dotnet\;C:\Users\jerem\AppData\Local\Programs\Python\Python36\Scripts\;C:\Users\jerem\AppData\Local\Programs\Python\Python36\;C:\Users\jerem\AppData\Local\Microsoft\WindowsApps;;C:\Program Files\Microsoft VS Code\bin;C:\Users\jerem\AppData\Local\Yarn\bin;C:\Users\jerem\AppData\Roaming\npm

Yarn version: 
  1.7.0

Node version: 
  10.3.0

Platform: 
  win32 x64

Trace: 
  SyntaxError: C:\Users\jerem\Desktop\playground\franchise\package.json: Unexpected token } in JSON at position 1843
      at JSON.parse (<anonymous>)
      at C:\Program Files (x86)\Yarn\lib\cli.js:1130:59
      at Generator.next (<anonymous>)
      at step (C:\Program Files (x86)\Yarn\lib\cli.js:98:30)
      at C:\Program Files (x86)\Yarn\lib\cli.js:109:13

npm manifest: 
  {
    "name": "franchise",
    "version": "1.0.0",
    "description": "a sql notebook",
    "author": "HVF Labs",
    "repository": "",
    "main": "electron.js",
    "private": true,
    "scripts": {
      "starte": "electron electron.js",
      "build": "nwb build-react-app src/index.js bundle --no-vendor",
      "clean": "nwb clean-app",
      "start": "nwb serve-react-app",
      "test": "nwb test-react",
      "test:coverage": "nwb test-react --coverage",
      "test:watch": "nwb test-react --server",
      "deploy": "gh-pages -d bundle",
      "pack": "electron-builder --dir",
      "dist": "yarn build && electron-builder"
    },
    "dependencies": {
      "@blueprintjs/core": "2.3.1",
      "@blueprintjs/labs": "0.14.5",
      "@blueprintjs/table": "2.1.1",
      "@skidding/react-codemirror": "1.0.2",
      "babel-preset-env": "1.7.0",
      "breadloaf": "1.3.9",
      "chart.js": "2.7.2",
      "chartist": "0.11.0",
      "classnames": "2.2.6",
      "codemirror": "5.38.0",
      "d3-shape": "1.2.0",
      "file-loader": "1.1.11",
      "font-awesome": "4.7.0",
      "leaflet": "1.3.1",
      "lodash": "4.17.10",
      "mingo": "2.2.2",
      "normalize.css": "8.0.0",
      "raw-loader": "0.5.1",
      "rc-tabs": "9.2.5",
      "react": "16.4.1",
      "react-collapse": "4.0.3",
      "react-dom": "16.4.1",
      "react-leaflet": "1.9.1",
      "react-motion": "0.5.2",
      "sql-formatter": "2.3.1",
      "sql.js": "0.5.0",
      "sqlgenerate": "1.2.1",
      "sqlite-parser": "1.0.1",
      "stats-webpack-plugin": "0.6.2",
      "sweetalert-react": "0.4.11",
      "sweetalert2": "7.22.2",
      "tsparser": "1.0.2",
      "uglify-loader": "2.0.0",
      "url-loader": "1.0.1",
      "whatwg-fetch": "2.0.4",
      "worker-loader": "2.0.0",
      "xlsx": "0.13.0",
      "franchise-client": "0.2.7",
      "@google-cloud/bigquery": "1.3.0",
      "mysql2": "1.5.3",
      "pg": "7.4.3",
      "tmp": "0.0.33",
      "ws": "5.2.0",
    },
    "devDependencies": {
      "electron": "2.0.2",
      "electron-builder": "20.15.1",
      "gh-pages": "1.2.0",
      "nwb": "0.21.5",
      "nwb-less": "0.7.0",
      "babel": "6.23.0",
      "babel-cli": "6.26.0",
      "babel-preset-es2017": "6.24.1"
    }
  }

yarn manifest: 
  No manifest

Lockfile: 
  No lockfile
